# JRE version: OpenJDK Runtime Environment (8.0_152-b01) (build 1.8.0_152-release-915-b01)
# Java VM: OpenJDK 64-Bit Server VM (25.152-b01 mixed mode windows-amd64 compressed oops)
Heap:
 PSYoungGen      total 457216K, used 428207K [0x00000000e0000000, 0x0000000100000000, 0x0000000100000000)
  eden space 429056K, 99% used [0x00000000e0000000,0x00000000fa22be40,0x00000000fa300000)
  from space 28160K, 0% used [0x00000000fe480000,0x00000000fe480000,0x0000000100000000)
  to   space 47616K, 0% used [0x00000000fa300000,0x00000000fa300000,0x00000000fd180000)
 ParOldGen       total 234496K, used 94449K [0x00000000a0000000, 0x00000000ae500000, 0x00000000e0000000)
  object space 234496K, 40% used [0x00000000a0000000,0x00000000a5c3c728,0x00000000ae500000)
 Metaspace       used 87226K, capacity 91600K, committed 91864K, reserved 1128448K
  class space    used 10997K, capacity 11990K, committed 12032K, reserved 1048576K
GC Heap History (10 events):
Event: 526.694 GC heap before
{Heap before GC invocations=26 (full 3):
 PSYoungGen      total 456704K, used 446372K [0x00000000e0000000, 0x00000000fd580000, 0x0000000100000000)
  eden space 432640K, 100% used [0x00000000e0000000,0x00000000fa680000,0x00000000fa680000)
  from space 24064K, 57% used [0x00000000fbd80000,0x00000000fcae9128,0x00000000fd500000)
  to   space 23552K, 0% used [0x00000000fa680000,0x00000000fa680000,0x00000000fbd80000)
 ParOldGen       total 132096K, used 74108K [0x00000000a0000000, 0x00000000a8100000, 0x00000000e0000000)
  object space 132096K, 56% used [0x00000000a0000000,0x00000000a485f338,0x00000000a8100000)
 Metaspace       used 84742K, capacity 88804K, committed 89048K, reserved 1126400K
  class space    used 10707K, capacity 11650K, committed 11776K, reserved 1048576K
Event: 526.753 GC heap after
Heap after GC invocations=26 (full 3):
 PSYoungGen      total 456192K, used 18336K [0x00000000e0000000, 0x0000000100000000, 0x0000000100000000)
  eden space 432640K, 0% used [0x00000000e0000000,0x00000000e0000000,0x00000000fa680000)
  from space 23552K, 77% used [0x00000000fa680000,0x00000000fb868110,0x00000000fbd80000)
  to   space 25088K, 0% used [0x00000000fe780000,0x00000000fe780000,0x0000000100000000)
 ParOldGen       total 132096K, used 74372K [0x00000000a0000000, 0x00000000a8100000, 0x00000000e0000000)
  object space 132096K, 56% used [0x00000000a0000000,0x00000000a48a1350,0x00000000a8100000)
 Metaspace       used 84742K, capacity 88804K, committed 89048K, reserved 1126400K
  class space    used 10707K, capacity 11650K, committed 11776K, reserved 1048576K
}
Event: 536.189 GC heap before
{Heap before GC invocations=27 (full 3):
 PSYoungGen      total 456192K, used 450976K [0x00000000e0000000, 0x0000000100000000, 0x0000000100000000)
  eden space 432640K, 100% used [0x00000000e0000000,0x00000000fa680000,0x00000000fa680000)
  from space 23552K, 77% used [0x00000000fa680000,0x00000000fb868110,0x00000000fbd80000)
  to   space 25088K, 0% used [0x00000000fe780000,0x00000000fe780000,0x0000000100000000)
 ParOldGen       total 132096K, used 74372K [0x00000000a0000000, 0x00000000a8100000, 0x00000000e0000000)
  object space 132096K, 56% used [0x00000000a0000000,0x00000000a48a1350,0x00000000a8100000)
 Metaspace       used 84764K, capacity 88868K, committed 89048K, reserved 1126400K
  class space    used 10708K, capacity 11650K, committed 11776K, reserved 1048576K
Event: 536.251 GC heap after
Heap after GC invocations=27 (full 3):
 PSYoungGen      total 493056K, used 23732K [0x00000000e0000000, 0x0000000100000000, 0x0000000100000000)
  eden space 467968K, 0% used [0x00000000e0000000,0x00000000e0000000,0x00000000fc900000)
  from space 25088K, 94% used [0x00000000fe780000,0x00000000ffead140,0x0000000100000000)
  to   space 28160K, 0% used [0x00000000fc900000,0x00000000fc900000,0x00000000fe480000)
 ParOldGen       total 132096K, used 74380K [0x00000000a0000000, 0x00000000a8100000, 0x00000000e0000000)
  object space 132096K, 56% used [0x00000000a0000000,0x00000000a48a3350,0x00000000a8100000)
 Metaspace       used 84764K, capacity 88868K, committed 89048K, reserved 1126400K
  class space    used 10708K, capacity 11650K, committed 11776K, reserved 1048576K
}
Event: 588.150 GC heap before
{Heap before GC invocations=28 (full 3):
 PSYoungGen      total 493056K, used 491700K [0x00000000e0000000, 0x0000000100000000, 0x0000000100000000)
  eden space 467968K, 100% used [0x00000000e0000000,0x00000000fc900000,0x00000000fc900000)
  from space 25088K, 94% used [0x00000000fe780000,0x00000000ffead140,0x0000000100000000)
  to   space 28160K, 0% used [0x00000000fc900000,0x00000000fc900000,0x00000000fe480000)
 ParOldGen       total 132096K, used 74380K [0x00000000a0000000, 0x00000000a8100000, 0x00000000e0000000)
  object space 132096K, 56% used [0x00000000a0000000,0x00000000a48a3350,0x00000000a8100000)
 Metaspace       used 85257K, capacity 89348K, committed 89560K, reserved 1126400K
  class space    used 10757K, capacity 11694K, committed 11776K, reserved 1048576K
Event: 588.266 GC heap after
Heap after GC invocations=28 (full 3):
 PSYoungGen      total 496128K, used 28140K [0x00000000e0000000, 0x0000000100000000, 0x0000000100000000)
  eden space 467968K, 0% used [0x00000000e0000000,0x00000000e0000000,0x00000000fc900000)
  from space 28160K, 99% used [0x00000000fc900000,0x00000000fe47b388,0x00000000fe480000)
  to   space 28160K, 0% used [0x00000000fe480000,0x00000000fe480000,0x0000000100000000)
 ParOldGen       total 132096K, used 102778K [0x00000000a0000000, 0x00000000a8100000, 0x00000000e0000000)
  object space 132096K, 77% used [0x00000000a0000000,0x00000000a645e970,0x00000000a8100000)
 Metaspace       used 85257K, capacity 89348K, committed 89560K, reserved 1126400K
  class space    used 10757K, capacity 11694K, committed 11776K, reserved 1048576K
}
Event: 654.525 GC heap before
{Heap before GC invocations=29 (full 3):
 PSYoungGen      total 496128K, used 496108K [0x00000000e0000000, 0x0000000100000000, 0x0000000100000000)
  eden space 467968K, 100% used [0x00000000e0000000,0x00000000fc900000,0x00000000fc900000)
  from space 28160K, 99% used [0x00000000fc900000,0x00000000fe47b388,0x00000000fe480000)
  to   space 28160K, 0% used [0x00000000fe480000,0x00000000fe480000,0x0000000100000000)
 ParOldGen       total 132096K, used 102778K [0x00000000a0000000, 0x00000000a8100000, 0x00000000e0000000)
  object space 132096K, 77% used [0x00000000a0000000,0x00000000a645e970,0x00000000a8100000)
 Metaspace       used 86268K, capacity 90356K, committed 90456K, reserved 1128448K
  class space    used 10872K, capacity 11806K, committed 11904K, reserved 1048576K
Event: 654.761 GC heap after
Heap after GC invocations=29 (full 3):
 PSYoungGen      total 457216K, used 28130K [0x00000000e0000000, 0x0000000100000000, 0x0000000100000000)
  eden space 429056K, 0% used [0x00000000e0000000,0x00000000e0000000,0x00000000fa300000)
  from space 28160K, 99% used [0x00000000fe480000,0x00000000ffff8b18,0x0000000100000000)
  to   space 47616K, 0% used [0x00000000fa300000,0x00000000fa300000,0x00000000fd180000)
 ParOldGen       total 132096K, used 111520K [0x00000000a0000000, 0x00000000a8100000, 0x00000000e0000000)
  object space 132096K, 84% used [0x00000000a0000000,0x00000000a6ce8260,0x00000000a8100000)
 Metaspace       used 86268K, capacity 90356K, committed 90456K, reserved 1128448K
  class space    used 10872K, capacity 11806K, committed 11904K, reserved 1048576K
}
Event: 654.761 GC heap before
{Heap before GC invocations=30 (full 4):
 PSYoungGen      total 457216K, used 28130K [0x00000000e0000000, 0x0000000100000000, 0x0000000100000000)
  eden space 429056K, 0% used [0x00000000e0000000,0x00000000e0000000,0x00000000fa300000)
  from space 28160K, 99% used [0x00000000fe480000,0x00000000ffff8b18,0x0000000100000000)
  to   space 47616K, 0% used [0x00000000fa300000,0x00000000fa300000,0x00000000fd180000)
 ParOldGen       total 132096K, used 111520K [0x00000000a0000000, 0x00000000a8100000, 0x00000000e0000000)
  object space 132096K, 84% used [0x00000000a0000000,0x00000000a6ce8260,0x00000000a8100000)
 Metaspace       used 86268K, capacity 90356K, committed 90456K, reserved 1128448K
  class space    used 10872K, capacity 11806K, committed 11904K, reserved 1048576K
Event: 657.251 GC heap after
Heap after GC invocations=30 (full 4):
 PSYoungGen      total 457216K, used 0K [0x00000000e0000000, 0x0000000100000000, 0x0000000100000000)
  eden space 429056K, 0% used [0x00000000e0000000,0x00000000e0000000,0x00000000fa300000)
  from space 28160K, 0% used [0x00000000fe480000,0x00000000fe480000,0x0000000100000000)
  to   space 47616K, 0% used [0x00000000fa300000,0x00000000fa300000,0x00000000fd180000)
 ParOldGen       total 234496K, used 94449K [0x00000000a0000000, 0x00000000ae500000, 0x00000000e0000000)
  object space 234496K, 40% used [0x00000000a0000000,0x00000000a5c3c728,0x00000000ae500000)
 Metaspace       used 86243K, capacity 90286K, committed 90456K, reserved 1128448K
  class space    used 10863K, capacity 11791K, committed 11904K, reserved 1048576K
}

